<?xml version="1.0" encoding="UTF-8"?>
<!-- Generated by org.testng.reporters.JUnitXMLReporter -->
<testsuite hostname="Ahammed" ignored="0" name="TC0003_VerifySingUpWithDifferentSetOfDatal" tests="1" failures="0" timestamp="31 Oct 2017 21:24:38 GMT" time="14.165" errors="0">
  <testcase name="testCaseName" time="0.0" classname="test.phpTravaler.net.Navigation.TC0003_VerifySingUpWithDifferentSetOfData">
    <skipped/>
  </testcase> <!-- testCaseName -->
</testsuite> <!-- TC0003_VerifySingUpWithDifferentSetOfDatal -->
