<?xml version="1.0" encoding="UTF-8"?>
<!-- Generated by org.testng.reporters.JUnitXMLReporter -->
<testsuite hostname="Ahammed" ignored="0" name="TC0003_VerifySingUpWithDifferentSetOfDatal" tests="5" failures="0" timestamp="01 Nov 2017 20:41:00 GMT" time="67.087" errors="0">
  <testcase name="testCaseName" time="11.553" classname="test.phpTravaler.net.Navigation.TC0003_VerifySingUpWithDifferentSetOfData"/>
  <testcase name="testCaseName" time="11.063" classname="test.phpTravaler.net.Navigation.TC0003_VerifySingUpWithDifferentSetOfData"/>
  <testcase name="testCaseName" time="11.023" classname="test.phpTravaler.net.Navigation.TC0003_VerifySingUpWithDifferentSetOfData"/>
  <testcase name="testCaseName" time="11.013" classname="test.phpTravaler.net.Navigation.TC0003_VerifySingUpWithDifferentSetOfData"/>
  <testcase name="testCaseName" time="11.013" classname="test.phpTravaler.net.Navigation.TC0003_VerifySingUpWithDifferentSetOfData"/>
</testsuite> <!-- TC0003_VerifySingUpWithDifferentSetOfDatal -->
