<?xml version="1.0" encoding="UTF-8"?>
<!-- Generated by org.testng.reporters.JUnitXMLReporter -->
<testsuite hostname="Ahammed" ignored="0" name="Test" tests="2" failures="0" timestamp="31 Oct 2017 06:58:42 GMT" time="31.519" errors="0">
  <testcase name="VerifyLogInWithValidCredential" time="2.936" classname="test.phpTravaler.net.Navigation.TC0001_VerifyLogInWithValidCredential"/>
  <testcase name="VerifySingUpWithValidCredential" time="1.629" classname="test.phpTravaler.net.Navigation.TC0002_VerifySingUpWithValidCredential"/>
</testsuite> <!-- Test -->
