<?xml version="1.0" encoding="UTF-8"?>
<testng-results skipped="0" failed="0" total="0" passed="0">
  <reporter-output>
  </reporter-output>
  <suite name="test.phpTravaler.net.TestBase.TestBase" duration-ms="0" started-at="2017-10-31T19:02:58Z" finished-at="2017-10-31T19:02:58Z">
    <groups>
    </groups>
    <test name="Command line test" duration-ms="0" started-at="2017-10-31T19:02:58Z" finished-at="2017-10-31T19:02:58Z">
    </test> <!-- Command line test -->
  </suite> <!-- test.phpTravaler.net.TestBase.TestBase -->
</testng-results>
